<?xml version="1.0" encoding="UTF-8"?>
<!-- Generated by org.testng.reporters.JUnitReportReporter -->
<testsuite hostname="Balas-Air" failures="0" tests="1" name="org.testing.TestScripts.TC1" time="64.810" errors="0" timestamp="2023-12-18T13:37:09 EST" skipped="0">
  <testcase classname="org.testing.TestScripts.TC1" name="trending_click" time="64.810"/>
  <system-out/>
</testsuite> <!-- org.testing.TestScripts.TC1 -->
