<?xml version="1.0" encoding="UTF-8"?>
<!-- Generated by org.testng.reporters.JUnitReportReporter -->
<testsuite hostname="Balas-MacBook-Air.local" failures="0" tests="1" name="org.testing.TestScripts.TC1" time="75.851" errors="0" timestamp="2024-01-03T15:48:47 EST" skipped="0">
  <testcase classname="org.testing.TestScripts.TC1" name="trending_click" time="75.851"/>
  <system-out/>
</testsuite> <!-- org.testing.TestScripts.TC1 -->
