<?xml version="1.0" encoding="UTF-8"?>
<!-- Generated by org.testng.reporters.JUnitReportReporter -->
<testsuite hostname="Balas-Air" failures="0" tests="1" name="org.testing.TestScripts.TC3" time="59.136" errors="0" timestamp="2023-12-11T21:02:57 EST" skipped="0">
  <testcase classname="org.testing.TestScripts.TC3" name="tc3_subscriptionClick" time="59.136"/>
  <system-out/>
</testsuite> <!-- org.testing.TestScripts.TC3 -->
