<?xml version="1.0" encoding="UTF-8"?>
<!-- Generated by org.testng.reporters.JUnitReportReporter -->
<testsuite hostname="Balas-Air" failures="0" tests="1" name="org.testing.TestScripts.TC4" time="155.986" errors="0" timestamp="2023-12-12T11:05:27 EST" skipped="0">
  <testcase classname="org.testing.TestScripts.TC4" name="playVideo" time="155.986"/>
  <system-out/>
</testsuite> <!-- org.testing.TestScripts.TC4 -->
